[2016-11-08 14:07:03] local.ERROR: exception 'ErrorException' with message 'Trying to get property of non-object' in /home/jpent/public_html/dev1/storage/framework/views/423271cebb35da872d360224fce8c8f8:28
Stack trace:
#0 /home/jpent/public_html/dev1/storage/framework/views/423271cebb35da872d360224fce8c8f8(28): Illuminate\Foundation\Bootstrap\HandleExceptions->handleError(8, 'Trying to get p...', '/home/jpent/pub...', 28, Array)
#1 /home/jpent/public_html/dev1/vendor/laravel/framework/src/Illuminate/View/Engines/PhpEngine.php(42): include('/home/jpent/pub...')
#2 /home/jpent/public_html/dev1/vendor/laravel/framework/src/Illuminate/View/Engines/CompilerEngine.php(58): Illuminate\View\Engines\PhpEngine->evaluatePath('/home/jpent/pub...', Array)
#3 /home/jpent/public_html/dev1/vendor/laravel/framework/src/Illuminate/View/View.php(147): Illuminate\View\Engines\CompilerEngine->get('/home/jpent/pub...', Array)
#4 /home/jpent/public_html/dev1/vendor/laravel/framework/src/Illuminate/View/View.php(118): Illuminate\View\View->getContents()
#5 /home/jpent/public_html/dev1/vendor/laravel/framework/src/Illuminate/View/View.php(83): Illuminate\View\View->renderContents()
#6 /home/jpent/public_html/dev1/vendor/laravel/framework/src/Illuminate/Mail/Mailer.php(466): Illuminate\View\View->render()
#7 /home/jpent/public_html/dev1/vendor/laravel/framework/src/Illuminate/Mail/Mailer.php(329): Illuminate\Mail\Mailer->getView('emails.transact...', Array)
#8 /home/jpent/public_html/dev1/vendor/laravel/framework/src/Illuminate/Mail/Mailer.php(169): Illuminate\Mail\Mailer->addContent(Object(Illuminate\Mail\Message), 'emails.transact...', NULL, NULL, Array)
#9 /home/jpent/public_html/dev1/vendor/laravel/framework/src/Illuminate/Mail/Mailer.php(284): Illuminate\Mail\Mailer->send('emails.transact...', Array, Object(Closure))
#10 /home/jpent/public_html/dev1/vendor/laravel/framework/src/Illuminate/Queue/Jobs/Job.php(129): Illuminate\Mail\Mailer->handleQueuedMessage(Object(Illuminate\Queue\Jobs\DatabaseJob), Array)
#11 /home/jpent/public_html/dev1/vendor/laravel/framework/src/Illuminate/Queue/Jobs/DatabaseJob.php(50): Illuminate\Queue\Jobs\Job->resolveAndFire(Array)
#12 /home/jpent/public_html/dev1/vendor/laravel/framework/src/Illuminate/Queue/Worker.php(218): Illuminate\Queue\Jobs\DatabaseJob->fire()
#13 /home/jpent/public_html/dev1/vendor/laravel/framework/src/Illuminate/Queue/Worker.php(160): Illuminate\Queue\Worker->process('database', Object(Illuminate\Queue\Jobs\DatabaseJob), 0, 0)
#14 /home/jpent/public_html/dev1/vendor/laravel/framework/src/Illuminate/Queue/Console/WorkCommand.php(109): Illuminate\Queue\Worker->pop(NULL, NULL, 0, 3, 0)
#15 /home/jpent/public_html/dev1/vendor/laravel/framework/src/Illuminate/Queue/Console/WorkCommand.php(71): Illuminate\Queue\Console\WorkCommand->runWorker(NULL, NULL, 0, 128, false)
#16 [internal function]: Illuminate\Queue\Console\WorkCommand->fire()
#17 /home/jpent/public_html/dev1/vendor/laravel/framework/src/Illuminate/Container/Container.php(507): call_user_func_array(Array, Array)
#18 /home/jpent/public_html/dev1/vendor/laravel/framework/src/Illuminate/Console/Command.php(150): Illuminate\Container\Container->call(Array)
#19 /home/jpent/public_html/dev1/vendor/symfony/console/Command/Command.php(256): Illuminate\Console\Command->execute(Object(Symfony\Component\Console\Input\ArgvInput), Object(Symfony\Component\Console\Output\ConsoleOutput))
#20 /home/jpent/public_html/dev1/vendor/laravel/framework/src/Illuminate/Console/Command.php(136): Symfony\Component\Console\Command\Command->run(Object(Symfony\Component\Console\Input\ArgvInput), Object(Symfony\Component\Console\Output\ConsoleOutput))
#21 /home/jpent/public_html/dev1/vendor/symfony/console/Application.php(846): Illuminate\Console\Command->run(Object(Symfony\Component\Console\Input\ArgvInput), Object(Symfony\Component\Console\Output\ConsoleOutput))
#22 /home/jpent/public_html/dev1/vendor/symfony/console/Application.php(190): Symfony\Component\Console\Application->doRunCommand(Object(Illuminate\Queue\Console\WorkCommand), Object(Symfony\Component\Console\Input\ArgvInput), Object(Symfony\Component\Console\Output\ConsoleOutput))
#23 /home/jpent/public_html/dev1/vendor/symfony/console/Application.php(121): Symfony\Component\Console\Application->doRun(Object(Symfony\Component\Console\Input\ArgvInput), Object(Symfony\Component\Console\Output\ConsoleOutput))
#24 /home/jpent/public_html/dev1/vendor/laravel/framework/src/Illuminate/Foundation/Console/Kernel.php(107): Symfony\Component\Console\Application->run(Object(Symfony\Component\Console\Input\ArgvInput), Object(Symfony\Component\Console\Output\ConsoleOutput))
#25 /home/jpent/public_html/dev1/artisan(36): Illuminate\Foundation\Console\Kernel->handle(Object(Symfony\Component\Console\Input\ArgvInput), Object(Symfony\Component\Console\Output\ConsoleOutput))
#26 {main}

Next exception 'ErrorException' with message 'Trying to get property of non-object (View: /home/jpent/public_html/dev1/resources/views/emails/transaction.blade.php)' in /home/jpent/public_html/dev1/storage/framework/views/423271cebb35da872d360224fce8c8f8:28
Stack trace:
#0 /home/jpent/public_html/dev1/vendor/laravel/framework/src/Illuminate/View/Engines/PhpEngine.php(44): Illuminate\View\Engines\CompilerEngine->handleViewException(Object(ErrorException), 0)
#1 /home/jpent/public_html/dev1/vendor/laravel/framework/src/Illuminate/View/Engines/CompilerEngine.php(58): Illuminate\View\Engines\PhpEngine->evaluatePath('/home/jpent/pub...', Array)
#2 /home/jpent/public_html/dev1/vendor/laravel/framework/src/Illuminate/View/View.php(147): Illuminate\View\Engines\CompilerEngine->get('/home/jpent/pub...', Array)
#3 /home/jpent/public_html/dev1/vendor/laravel/framework/src/Illuminate/View/View.php(118): Illuminate\View\View->getContents()
#4 /home/jpent/public_html/dev1/vendor/laravel/framework/src/Illuminate/View/View.php(83): Illuminate\View\View->renderContents()
#5 /home/jpent/public_html/dev1/vendor/laravel/framework/src/Illuminate/Mail/Mailer.php(466): Illuminate\View\View->render()
#6 /home/jpent/public_html/dev1/vendor/laravel/framework/src/Illuminate/Mail/Mailer.php(329): Illuminate\Mail\Mailer->getView('emails.transact...', Array)
#7 /home/jpent/public_html/dev1/vendor/laravel/framework/src/Illuminate/Mail/Mailer.php(169): Illuminate\Mail\Mailer->addContent(Object(Illuminate\Mail\Message), 'emails.transact...', NULL, NULL, Array)
#8 /home/jpent/public_html/dev1/vendor/laravel/framework/src/Illuminate/Mail/Mailer.php(284): Illuminate\Mail\Mailer->send('emails.transact...', Array, Object(Closure))
#9 /home/jpent/public_html/dev1/vendor/laravel/framework/src/Illuminate/Queue/Jobs/Job.php(129): Illuminate\Mail\Mailer->handleQueuedMessage(Object(Illuminate\Queue\Jobs\DatabaseJob), Array)
#10 /home/jpent/public_html/dev1/vendor/laravel/framework/src/Illuminate/Queue/Jobs/DatabaseJob.php(50): Illuminate\Queue\Jobs\Job->resolveAndFire(Array)
#11 /home/jpent/public_html/dev1/vendor/laravel/framework/src/Illuminate/Queue/Worker.php(218): Illuminate\Queue\Jobs\DatabaseJob->fire()
#12 /home/jpent/public_html/dev1/vendor/laravel/framework/src/Illuminate/Queue/Worker.php(160): Illuminate\Queue\Worker->process('database', Object(Illuminate\Queue\Jobs\DatabaseJob), 0, 0)
#13 /home/jpent/public_html/dev1/vendor/laravel/framework/src/Illuminate/Queue/Console/WorkCommand.php(109): Illuminate\Queue\Worker->pop(NULL, NULL, 0, 3, 0)
#14 /home/jpent/public_html/dev1/vendor/laravel/framework/src/Illuminate/Queue/Console/WorkCommand.php(71): Illuminate\Queue\Console\WorkCommand->runWorker(NULL, NULL, 0, 128, false)
#15 [internal function]: Illuminate\Queue\Console\WorkCommand->fire()
#16 /home/jpent/public_html/dev1/vendor/laravel/framework/src/Illuminate/Container/Container.php(507): call_user_func_array(Array, Array)
#17 /home/jpent/public_html/dev1/vendor/laravel/framework/src/Illuminate/Console/Command.php(150): Illuminate\Container\Container->call(Array)
#18 /home/jpent/public_html/dev1/vendor/symfony/console/Command/Command.php(256): Illuminate\Console\Command->execute(Object(Symfony\Component\Console\Input\ArgvInput), Object(Symfony\Component\Console\Output\ConsoleOutput))
#19 /home/jpent/public_html/dev1/vendor/laravel/framework/src/Illuminate/Console/Command.php(136): Symfony\Component\Console\Command\Command->run(Object(Symfony\Component\Console\Input\ArgvInput), Object(Symfony\Component\Console\Output\ConsoleOutput))
#20 /home/jpent/public_html/dev1/vendor/symfony/console/Application.php(846): Illuminate\Console\Command->run(Object(Symfony\Component\Console\Input\ArgvInput), Object(Symfony\Component\Console\Output\ConsoleOutput))
#21 /home/jpent/public_html/dev1/vendor/symfony/console/Application.php(190): Symfony\Component\Console\Application->doRunCommand(Object(Illuminate\Queue\Console\WorkCommand), Object(Symfony\Component\Console\Input\ArgvInput), Object(Symfony\Component\Console\Output\ConsoleOutput))
#22 /home/jpent/public_html/dev1/vendor/symfony/console/Application.php(121): Symfony\Component\Console\Application->doRun(Object(Symfony\Component\Console\Input\ArgvInput), Object(Symfony\Component\Console\Output\ConsoleOutput))
#23 /home/jpent/public_html/dev1/vendor/laravel/framework/src/Illuminate/Foundation/Console/Kernel.php(107): Symfony\Component\Console\Application->run(Object(Symfony\Component\Console\Input\ArgvInput), Object(Symfony\Component\Console\Output\ConsoleOutput))
#24 /home/jpent/public_html/dev1/artisan(36): Illuminate\Foundation\Console\Kernel->handle(Object(Symfony\Component\Console\Input\ArgvInput), Object(Symfony\Component\Console\Output\ConsoleOutput))
#25 {main}  
